0 info it worked if it ends with ok
1 verbose cli [ 'c:\\Program Files\\nodejs\\node.exe',
1 verbose cli   'c:\\Program Files\\nodejs\\node_modules\\npm\\bin\\npm-cli.js',
1 verbose cli   'install' ]
2 info using npm@1.4.28
3 info using node@v0.10.35
4 verbose readDependencies using package.json deps
5 verbose install where, deps [ 'c:\\xampp\\htdocs\\www\\portfolio',
5 verbose install   [ 'karma',
5 verbose install     'karma-chrome-launcher',
5 verbose install     'karma-jasmine',
5 verbose install     'protractor',
5 verbose install     'http-server',
5 verbose install     'tmp',
5 verbose install     'bower',
5 verbose install     'shelljs' ] ]
6 info preinstall angular-phonecat@0.0.0
7 warn package.json karma-chrome-launcher@0.1.7 No README data
8 verbose readDependencies using package.json deps
9 verbose already installed skipping karma@^0.12.16 c:\xampp\htdocs\www\portfolio
10 verbose already installed skipping karma-chrome-launcher@^0.1.4 c:\xampp\htdocs\www\portfolio
11 verbose already installed skipping karma-jasmine@^0.1.5 c:\xampp\htdocs\www\portfolio
12 verbose already installed skipping protractor@~1.0.0 c:\xampp\htdocs\www\portfolio
13 verbose already installed skipping http-server@^0.6.1 c:\xampp\htdocs\www\portfolio
14 verbose already installed skipping tmp@0.0.23 c:\xampp\htdocs\www\portfolio
15 verbose already installed skipping bower@^1.3.1 c:\xampp\htdocs\www\portfolio
16 verbose already installed skipping shelljs@^0.2.6 c:\xampp\htdocs\www\portfolio
17 silly resolved []
18 info build c:\xampp\htdocs\www\portfolio
19 verbose linkStuff [ false, false, false, 'c:\\xampp\\htdocs\\www' ]
20 info linkStuff angular-phonecat@0.0.0
21 verbose linkBins angular-phonecat@0.0.0
22 verbose linkMans angular-phonecat@0.0.0
23 verbose rebuildBundles angular-phonecat@0.0.0
24 verbose rebuildBundles [ '.bin',
24 verbose rebuildBundles   'bower',
24 verbose rebuildBundles   'browser-sync',
24 verbose rebuildBundles   'del',
24 verbose rebuildBundles   'gulp',
24 verbose rebuildBundles   'gulp-load-plugins',
24 verbose rebuildBundles   'http-server',
24 verbose rebuildBundles   'karma',
24 verbose rebuildBundles   'karma-chrome-launcher',
24 verbose rebuildBundles   'karma-jasmine',
24 verbose rebuildBundles   'main-bower-files',
24 verbose rebuildBundles   'minimist',
24 verbose rebuildBundles   'protractor',
24 verbose rebuildBundles   'require-dir',
24 verbose rebuildBundles   'shelljs',
24 verbose rebuildBundles   'tmp',
24 verbose rebuildBundles   'uglify-save-license',
24 verbose rebuildBundles   'wiredep' ]
25 verbose rebuild bundle c:\xampp\htdocs\www\portfolio\node_modules\browser-sync
26 info build c:\xampp\htdocs\www\portfolio\node_modules\browser-sync
27 info preinstall browser-sync@1.8.3
28 verbose linkStuff [ false,
28 verbose linkStuff   false,
28 verbose linkStuff   false,
28 verbose linkStuff   'c:\\xampp\\htdocs\\www\\portfolio\\node_modules' ]
29 info linkStuff browser-sync@1.8.3
30 verbose linkBins browser-sync@1.8.3
31 verbose link bins [ { 'browser-sync': 'bin/browser-sync' },
31 verbose link bins   'c:\\xampp\\htdocs\\www\\portfolio\\node_modules\\.bin',
31 verbose link bins   false ]
32 verbose linkMans browser-sync@1.8.3
33 verbose rebuildBundles browser-sync@1.8.3
34 verbose rebuildBundles [ '.bin',
34 verbose rebuildBundles   'browser-sync-client',
34 verbose rebuildBundles   'commander',
34 verbose rebuildBundles   'connect',
34 verbose rebuildBundles   'dev-ip',
34 verbose rebuildBundles   'easy-extender',
34 verbose rebuildBundles   'eazy-logger',
34 verbose rebuildBundles   'emitter-steward',
34 verbose rebuildBundles   'foxy',
34 verbose rebuildBundles   'glob-watcher',
34 verbose rebuildBundles   'localtunnel',
34 verbose rebuildBundles   'lodash',
34 verbose rebuildBundles   'minimist',
34 verbose rebuildBundles   'object-path',
34 verbose rebuildBundles   'opn',
34 verbose rebuildBundles   'opt-merger',
34 verbose rebuildBundles   'portscanner-plus',
34 verbose rebuildBundles   'resp-modifier',
34 verbose rebuildBundles   'serve-index',
34 verbose rebuildBundles   'serve-static',
34 verbose rebuildBundles   'socket.io',
34 verbose rebuildBundles   'tfunk',
34 verbose rebuildBundles   'ua-parser-js' ]
35 info install browser-sync@1.8.3
36 info postinstall browser-sync@1.8.3
37 verbose rebuild bundle c:\xampp\htdocs\www\portfolio\node_modules\del
38 info build c:\xampp\htdocs\www\portfolio\node_modules\del
39 info preinstall del@1.1.1
40 verbose linkStuff [ false,
40 verbose linkStuff   false,
40 verbose linkStuff   false,
40 verbose linkStuff   'c:\\xampp\\htdocs\\www\\portfolio\\node_modules' ]
41 info linkStuff del@1.1.1
42 verbose linkBins del@1.1.1
43 verbose linkMans del@1.1.1
44 verbose rebuildBundles del@1.1.1
45 verbose rebuildBundles [ '.bin',
45 verbose rebuildBundles   'each-async',
45 verbose rebuildBundles   'globby',
45 verbose rebuildBundles   'is-path-cwd',
45 verbose rebuildBundles   'is-path-in-cwd',
45 verbose rebuildBundles   'object-assign',
45 verbose rebuildBundles   'rimraf' ]
46 info install del@1.1.1
47 info postinstall del@1.1.1
48 verbose rebuild bundle c:\xampp\htdocs\www\portfolio\node_modules\gulp
49 info build c:\xampp\htdocs\www\portfolio\node_modules\gulp
50 info preinstall gulp@3.8.10
51 verbose linkStuff [ false,
51 verbose linkStuff   false,
51 verbose linkStuff   false,
51 verbose linkStuff   'c:\\xampp\\htdocs\\www\\portfolio\\node_modules' ]
52 info linkStuff gulp@3.8.10
53 verbose linkBins gulp@3.8.10
54 verbose link bins [ { gulp: './bin/gulp.js' },
54 verbose link bins   'c:\\xampp\\htdocs\\www\\portfolio\\node_modules\\.bin',
54 verbose link bins   false ]
55 verbose linkMans gulp@3.8.10
56 verbose rebuildBundles gulp@3.8.10
57 verbose rebuildBundles [ '.bin',
57 verbose rebuildBundles   'archy',
57 verbose rebuildBundles   'chalk',
57 verbose rebuildBundles   'deprecated',
57 verbose rebuildBundles   'gulp-util',
57 verbose rebuildBundles   'interpret',
57 verbose rebuildBundles   'liftoff',
57 verbose rebuildBundles   'minimist',
57 verbose rebuildBundles   'orchestrator',
57 verbose rebuildBundles   'pretty-hrtime',
57 verbose rebuildBundles   'semver',
57 verbose rebuildBundles   'tildify',
57 verbose rebuildBundles   'v8flags',
57 verbose rebuildBundles   'vinyl-fs' ]
58 info install gulp@3.8.10
59 info postinstall gulp@3.8.10
60 verbose rebuild bundle c:\xampp\htdocs\www\portfolio\node_modules\gulp-load-plugins
61 info build c:\xampp\htdocs\www\portfolio\node_modules\gulp-load-plugins
62 info preinstall gulp-load-plugins@0.8.0
63 verbose linkStuff [ false,
63 verbose linkStuff   false,
63 verbose linkStuff   false,
63 verbose linkStuff   'c:\\xampp\\htdocs\\www\\portfolio\\node_modules' ]
64 info linkStuff gulp-load-plugins@0.8.0
65 verbose linkBins gulp-load-plugins@0.8.0
66 verbose linkMans gulp-load-plugins@0.8.0
67 verbose rebuildBundles gulp-load-plugins@0.8.0
68 verbose rebuildBundles [ 'findup-sync', 'multimatch' ]
69 info install gulp-load-plugins@0.8.0
70 info postinstall gulp-load-plugins@0.8.0
71 verbose rebuild bundle c:\xampp\htdocs\www\portfolio\node_modules\main-bower-files
72 info build c:\xampp\htdocs\www\portfolio\node_modules\main-bower-files
73 info preinstall main-bower-files@2.4.1
74 verbose linkStuff [ false,
74 verbose linkStuff   false,
74 verbose linkStuff   false,
74 verbose linkStuff   'c:\\xampp\\htdocs\\www\\portfolio\\node_modules' ]
75 info linkStuff main-bower-files@2.4.1
76 verbose linkBins main-bower-files@2.4.1
77 verbose linkMans main-bower-files@2.4.1
78 verbose rebuildBundles main-bower-files@2.4.1
79 verbose rebuildBundles [ '.bin', 'colors', 'glob', 'minimatch', 'strip-json-comments' ]
80 info install main-bower-files@2.4.1
81 info postinstall main-bower-files@2.4.1
82 verbose rebuild bundle c:\xampp\htdocs\www\portfolio\node_modules\minimist
83 info build c:\xampp\htdocs\www\portfolio\node_modules\minimist
84 info preinstall minimist@1.1.0
85 verbose linkStuff [ false,
85 verbose linkStuff   false,
85 verbose linkStuff   false,
85 verbose linkStuff   'c:\\xampp\\htdocs\\www\\portfolio\\node_modules' ]
86 info linkStuff minimist@1.1.0
87 verbose linkBins minimist@1.1.0
88 verbose linkMans minimist@1.1.0
89 verbose rebuildBundles minimist@1.1.0
90 info install minimist@1.1.0
91 info postinstall minimist@1.1.0
92 verbose rebuild bundle c:\xampp\htdocs\www\portfolio\node_modules\require-dir
93 info build c:\xampp\htdocs\www\portfolio\node_modules\require-dir
94 info preinstall require-dir@0.1.0
95 verbose linkStuff [ false,
95 verbose linkStuff   false,
95 verbose linkStuff   false,
95 verbose linkStuff   'c:\\xampp\\htdocs\\www\\portfolio\\node_modules' ]
96 info linkStuff require-dir@0.1.0
97 verbose linkBins require-dir@0.1.0
98 verbose linkMans require-dir@0.1.0
99 verbose rebuildBundles require-dir@0.1.0
100 info install require-dir@0.1.0
101 info postinstall require-dir@0.1.0
102 verbose rebuild bundle c:\xampp\htdocs\www\portfolio\node_modules\uglify-save-license
103 info build c:\xampp\htdocs\www\portfolio\node_modules\uglify-save-license
104 info preinstall uglify-save-license@0.4.1
105 verbose linkStuff [ false,
105 verbose linkStuff   false,
105 verbose linkStuff   false,
105 verbose linkStuff   'c:\\xampp\\htdocs\\www\\portfolio\\node_modules' ]
106 info linkStuff uglify-save-license@0.4.1
107 verbose linkBins uglify-save-license@0.4.1
108 verbose linkMans uglify-save-license@0.4.1
109 verbose rebuildBundles uglify-save-license@0.4.1
110 info install uglify-save-license@0.4.1
111 info postinstall uglify-save-license@0.4.1
112 verbose rebuild bundle c:\xampp\htdocs\www\portfolio\node_modules\wiredep
113 info build c:\xampp\htdocs\www\portfolio\node_modules\wiredep
114 info preinstall wiredep@2.2.2
115 verbose linkStuff [ false,
115 verbose linkStuff   false,
115 verbose linkStuff   false,
115 verbose linkStuff   'c:\\xampp\\htdocs\\www\\portfolio\\node_modules' ]
116 info linkStuff wiredep@2.2.2
117 verbose linkBins wiredep@2.2.2
118 verbose link bins [ { wiredep: './wiredep-cli.js' },
118 verbose link bins   'c:\\xampp\\htdocs\\www\\portfolio\\node_modules\\.bin',
118 verbose link bins   false ]
119 verbose linkMans wiredep@2.2.2
120 verbose rebuildBundles wiredep@2.2.2
121 verbose rebuildBundles [ 'bower-config',
121 verbose rebuildBundles   'chalk',
121 verbose rebuildBundles   'glob',
121 verbose rebuildBundles   'lodash',
121 verbose rebuildBundles   'propprop',
121 verbose rebuildBundles   'through2' ]
122 info install wiredep@2.2.2
123 info postinstall wiredep@2.2.2
124 info install angular-phonecat@0.0.0
125 info postinstall angular-phonecat@0.0.0
126 verbose unsafe-perm in lifecycle true
127 info angular-phonecat@0.0.0 Failed to exec postinstall script
128 error angular-phonecat@0.0.0 postinstall: `bower install`
128 error Exit status 1
129 error Failed at the angular-phonecat@0.0.0 postinstall script.
129 error This is most likely a problem with the angular-phonecat package,
129 error not with npm itself.
129 error Tell the author that this fails on your system:
129 error     bower install
129 error You can get their info via:
129 error     npm owner ls angular-phonecat
129 error There is likely additional logging output above.
130 error System Windows_NT 6.2.9200
131 error command "c:\\Program Files\\nodejs\\node.exe" "c:\\Program Files\\nodejs\\node_modules\\npm\\bin\\npm-cli.js" "install"
132 error cwd c:\xampp\htdocs\www\portfolio
133 error node -v v0.10.35
134 error npm -v 1.4.28
135 error code ELIFECYCLE
136 verbose exit [ 1, true ]
